d:\программирование\с++\ооп\задание №21\terminal\terminal\debug\vc142.pdb
d:\программирование\с++\ооп\задание №21\terminal\terminal\debug\vc142.idb
d:\программирование\с++\ооп\задание №21\terminal\terminal\debug\main.obj
d:\программирование\с++\ооп\задание №21\terminal\terminal\debug\dir.obj
d:\программирование\с++\ооп\задание №21\terminal\terminal\debug\terminal.obj
d:\программирование\с++\ооп\задание №21\terminal\terminal\debug\cd.obj
d:\программирование\с++\ооп\задание №21\terminal\terminal\debug\copy.obj
d:\программирование\с++\ооп\задание №21\terminal\terminal\debug\movement.obj
d:\программирование\с++\ооп\задание №21\terminal\debug\terminal.exe
d:\программирование\с++\ооп\задание №21\terminal\debug\terminal.ilk
d:\программирование\с++\ооп\задание №21\terminal\debug\terminal.pdb
d:\программирование\с++\ооп\задание №21\terminal\terminal\debug\terminal.tlog\cl.command.1.tlog
d:\программирование\с++\ооп\задание №21\terminal\terminal\debug\terminal.tlog\cl.read.1.tlog
d:\программирование\с++\ооп\задание №21\terminal\terminal\debug\terminal.tlog\cl.write.1.tlog
d:\программирование\с++\ооп\задание №21\terminal\terminal\debug\terminal.tlog\link-cvtres.read.1.tlog
d:\программирование\с++\ооп\задание №21\terminal\terminal\debug\terminal.tlog\link-cvtres.write.1.tlog
d:\программирование\с++\ооп\задание №21\terminal\terminal\debug\terminal.tlog\link-rc.read.1.tlog
d:\программирование\с++\ооп\задание №21\terminal\terminal\debug\terminal.tlog\link-rc.write.1.tlog
d:\программирование\с++\ооп\задание №21\terminal\terminal\debug\terminal.tlog\link.572-cvtres.read.1.tlog
d:\программирование\с++\ооп\задание №21\terminal\terminal\debug\terminal.tlog\link.572-cvtres.write.1.tlog
d:\программирование\с++\ооп\задание №21\terminal\terminal\debug\terminal.tlog\link.572-rc.read.1.tlog
d:\программирование\с++\ооп\задание №21\terminal\terminal\debug\terminal.tlog\link.572-rc.write.1.tlog
d:\программирование\с++\ооп\задание №21\terminal\terminal\debug\terminal.tlog\link.572.read.1.tlog
d:\программирование\с++\ооп\задание №21\terminal\terminal\debug\terminal.tlog\link.572.write.1.tlog
d:\программирование\с++\ооп\задание №21\terminal\terminal\debug\terminal.tlog\link.command.1.tlog
d:\программирование\с++\ооп\задание №21\terminal\terminal\debug\terminal.tlog\link.read.1.tlog
d:\программирование\с++\ооп\задание №21\terminal\terminal\debug\terminal.tlog\link.write.1.tlog
